LightmapMaker 1.0.3
  - Route to map: test.lmap
  - Size Lightmap: 16

- Loading Level
 - Add Point Light
   Intensivity: 1
   Radius: 150
   Color: 255, 255, 255, 255
   Position: -48, 16, 112
	****

 - Total Planes: 12
 - Total Point Lights: 1
- Level Loaded

- Generate Lightmaps
Calculate Lightmaps: 1/12
Calculate Lightmaps: 2/12
Calculate Lightmaps: 3/12
Calculate Lightmaps: 4/12
Calculate Lightmaps: 5/12
Calculate Lightmaps: 6/12
Calculate Lightmaps: 7/12
Calculate Lightmaps: 8/12
Calculate Lightmaps: 9/12
Calculate Lightmaps: 10/12
Calculate Lightmaps: 11/12
Calculate Lightmaps: 12/12
- Lightmaps Generated
