e:\egor\projects\c++\gameengine\lifeengine\lifeengine\utils\sfml\tmp\release\soundstream.obj
e:\egor\projects\c++\gameengine\lifeengine\lifeengine\utils\sfml\tmp\release\soundsource.obj
e:\egor\projects\c++\gameengine\lifeengine\lifeengine\utils\sfml\tmp\release\soundrecorder.obj
e:\egor\projects\c++\gameengine\lifeengine\lifeengine\utils\sfml\tmp\release\soundfilewriterwav.obj
e:\egor\projects\c++\gameengine\lifeengine\lifeengine\utils\sfml\tmp\release\soundfilewriterogg.obj
e:\egor\projects\c++\gameengine\lifeengine\lifeengine\utils\sfml\tmp\release\soundfilewriterflac.obj
e:\egor\projects\c++\gameengine\lifeengine\lifeengine\utils\sfml\tmp\release\soundfilereaderwav.obj
e:\egor\projects\c++\gameengine\lifeengine\lifeengine\utils\sfml\tmp\release\soundfilereaderogg.obj
e:\egor\projects\c++\gameengine\lifeengine\lifeengine\utils\sfml\tmp\release\soundfilereaderflac.obj
e:\egor\projects\c++\gameengine\lifeengine\lifeengine\utils\sfml\tmp\release\soundfilefactory.obj
e:\egor\projects\c++\gameengine\lifeengine\lifeengine\utils\sfml\tmp\release\soundbufferrecorder.obj
e:\egor\projects\c++\gameengine\lifeengine\lifeengine\utils\sfml\tmp\release\soundbuffer.obj
e:\egor\projects\c++\gameengine\lifeengine\lifeengine\utils\sfml\tmp\release\sound.obj
e:\egor\projects\c++\gameengine\lifeengine\lifeengine\utils\sfml\tmp\release\outputsoundfile.obj
e:\egor\projects\c++\gameengine\lifeengine\lifeengine\utils\sfml\tmp\release\music.obj
e:\egor\projects\c++\gameengine\lifeengine\lifeengine\utils\sfml\tmp\release\listener.obj
e:\egor\projects\c++\gameengine\lifeengine\lifeengine\utils\sfml\tmp\release\inputsoundfile.obj
e:\egor\projects\c++\gameengine\lifeengine\lifeengine\utils\sfml\tmp\release\audiodevice.obj
e:\egor\projects\c++\gameengine\lifeengine\lifeengine\utils\sfml\tmp\release\alresource.obj
e:\egor\projects\c++\gameengine\lifeengine\lifeengine\utils\sfml\tmp\release\alcheck.obj
e:\egor\projects\c++\gameengine\lifeengine\lifeengine\utils\sfml\bin\sfml-audio-2.dll
e:\egor\projects\c++\gameengine\lifeengine\lifeengine\utils\sfml\lib\sfml-audio.lib
e:\egor\projects\c++\gameengine\lifeengine\lifeengine\utils\sfml\lib\sfml-audio.exp
e:\egor\projects\c++\gameengine\lifeengine\lifeengine\utils\sfml\src\sfml\audio\..\..\..\bin\sfml-audio-2.dll
e:\egor\projects\c++\gameengine\lifeengine\lifeengine\utils\sfml\tmp\release\sfml-audio.tlog\cl.command.1.tlog
e:\egor\projects\c++\gameengine\lifeengine\lifeengine\utils\sfml\tmp\release\sfml-audio.tlog\cl.read.1.tlog
e:\egor\projects\c++\gameengine\lifeengine\lifeengine\utils\sfml\tmp\release\sfml-audio.tlog\cl.write.1.tlog
e:\egor\projects\c++\gameengine\lifeengine\lifeengine\utils\sfml\tmp\release\sfml-audio.tlog\link.command.1.tlog
e:\egor\projects\c++\gameengine\lifeengine\lifeengine\utils\sfml\tmp\release\sfml-audio.tlog\link.read.1.tlog
e:\egor\projects\c++\gameengine\lifeengine\lifeengine\utils\sfml\tmp\release\sfml-audio.tlog\link.write.1.tlog
e:\egor\projects\c++\gameengine\lifeengine\lifeengine\utils\sfml\tmp\release\sfml-audio.tlog\sfml-audio.write.1u.tlog
