C:\Program Files (x86)\MSBuild\Microsoft.Cpp\v4.0\V140\Microsoft.CppBuild.targets(367,5): warning MSB8004: Intermediate Directory does not end with a trailing slash.  This build instance will add the slash as it is required to allow proper evaluation of the Intermediate Directory.
C:\Program Files (x86)\MSBuild\Microsoft.Cpp\v4.0\V140\Microsoft.CppBuild.targets(368,5): warning MSB8004: Output Directory does not end with a trailing slash.  This build instance will add the slash as it is required to allow proper evaluation of the Output Directory.
C:\Program Files (x86)\MSBuild\Microsoft.Cpp\v4.0\V140\Microsoft.CppBuild.targets(392,5): warning MSB8028: The intermediate directory (..\..\..\tmp\Release\) contains files shared from another project (sfml-audio.vcxproj, sfml-main.vcxproj, sfml-system.vcxproj, sfml-window.vcxproj).  This can lead to incorrect clean and rebuild behavior.
  BlendMode.cpp
  CircleShape.cpp
  Color.cpp
  ConvexShape.cpp
  Font.cpp
  GLCheck.cpp
  GLExtensions.cpp
  GLLoader.cpp
  Glsl.cpp
  Image.cpp
  ImageLoader.cpp
  RectangleShape.cpp
  RenderStates.cpp
  RenderTarget.cpp
  RenderTexture.cpp
  RenderTextureImpl.cpp
  RenderTextureImplDefault.cpp
  RenderTextureImplFBO.cpp
  RenderWindow.cpp
  Shader.cpp
  Создание кода...
  Компиляция...
  Shape.cpp
  Sprite.cpp
  Text.cpp
  Texture.cpp
Texture.cpp(172): warning C4800: int: принудительно задано логическое значение "true" или "false" (предупреждение о производительности)
  TextureSaver.cpp
  Transform.cpp
  Transformable.cpp
  Vertex.cpp
  VertexArray.cpp
  View.cpp
  Создание кода...
     Создается библиотека ..\..\..\lib\sfml-graphics.lib и объект ..\..\..\lib\sfml-graphics.exp
  sfml-graphics.vcxproj -> D:\Projects\C++\GameEngine\LightmapMaker\LightmapMaker\Utils\SFML\src\SFML\Graphics\..\..\..\bin\sfml-graphics-2.dll
