e:\egor\projects\c++\gameengine\lifeengine\lifeengine\utils\sfml\tmp\release\windowimpl.obj
e:\egor\projects\c++\gameengine\lifeengine\lifeengine\utils\sfml\tmp\release\window.obj
e:\egor\projects\c++\gameengine\lifeengine\lifeengine\utils\sfml\tmp\release\windowimplwin32.obj
e:\egor\projects\c++\gameengine\lifeengine\lifeengine\utils\sfml\tmp\release\wglextensions.obj
e:\egor\projects\c++\gameengine\lifeengine\lifeengine\utils\sfml\tmp\release\wglcontext.obj
e:\egor\projects\c++\gameengine\lifeengine\lifeengine\utils\sfml\tmp\release\videomodeimpl.obj
e:\egor\projects\c++\gameengine\lifeengine\lifeengine\utils\sfml\tmp\release\sensorimpl.obj
e:\egor\projects\c++\gameengine\lifeengine\lifeengine\utils\sfml\tmp\release\joystickimpl.obj
e:\egor\projects\c++\gameengine\lifeengine\lifeengine\utils\sfml\tmp\release\inputimpl.obj
e:\egor\projects\c++\gameengine\lifeengine\lifeengine\utils\sfml\tmp\release\videomode.obj
e:\egor\projects\c++\gameengine\lifeengine\lifeengine\utils\sfml\tmp\release\touch.obj
e:\egor\projects\c++\gameengine\lifeengine\lifeengine\utils\sfml\tmp\release\sensormanager.obj
e:\egor\projects\c++\gameengine\lifeengine\lifeengine\utils\sfml\tmp\release\sensor.obj
e:\egor\projects\c++\gameengine\lifeengine\lifeengine\utils\sfml\tmp\release\mouse.obj
e:\egor\projects\c++\gameengine\lifeengine\lifeengine\utils\sfml\tmp\release\keyboard.obj
e:\egor\projects\c++\gameengine\lifeengine\lifeengine\utils\sfml\tmp\release\joystickmanager.obj
e:\egor\projects\c++\gameengine\lifeengine\lifeengine\utils\sfml\tmp\release\joystick.obj
e:\egor\projects\c++\gameengine\lifeengine\lifeengine\utils\sfml\tmp\release\glresource.obj
e:\egor\projects\c++\gameengine\lifeengine\lifeengine\utils\sfml\tmp\release\glcontext.obj
e:\egor\projects\c++\gameengine\lifeengine\lifeengine\utils\sfml\tmp\release\context.obj
e:\egor\projects\c++\gameengine\lifeengine\lifeengine\utils\sfml\bin\sfml-window-2.dll
e:\egor\projects\c++\gameengine\lifeengine\lifeengine\utils\sfml\lib\sfml-window.lib
e:\egor\projects\c++\gameengine\lifeengine\lifeengine\utils\sfml\lib\sfml-window.exp
e:\egor\projects\c++\gameengine\lifeengine\lifeengine\utils\sfml\tmp\release\clock.obj
e:\egor\projects\c++\gameengine\lifeengine\lifeengine\utils\sfml\tmp\release\clockimpl.obj
e:\egor\projects\c++\gameengine\lifeengine\lifeengine\utils\sfml\tmp\release\err.obj
e:\egor\projects\c++\gameengine\lifeengine\lifeengine\utils\sfml\tmp\release\fileinputstream.obj
e:\egor\projects\c++\gameengine\lifeengine\lifeengine\utils\sfml\tmp\release\lock.obj
e:\egor\projects\c++\gameengine\lifeengine\lifeengine\utils\sfml\tmp\release\mainwin32.obj
e:\egor\projects\c++\gameengine\lifeengine\lifeengine\utils\sfml\tmp\release\memoryinputstream.obj
e:\egor\projects\c++\gameengine\lifeengine\lifeengine\utils\sfml\tmp\release\mutex.obj
e:\egor\projects\c++\gameengine\lifeengine\lifeengine\utils\sfml\tmp\release\muteximpl.obj
e:\egor\projects\c++\gameengine\lifeengine\lifeengine\utils\sfml\tmp\release\sleep.obj
e:\egor\projects\c++\gameengine\lifeengine\lifeengine\utils\sfml\tmp\release\sleepimpl.obj
e:\egor\projects\c++\gameengine\lifeengine\lifeengine\utils\sfml\tmp\release\string.obj
e:\egor\projects\c++\gameengine\lifeengine\lifeengine\utils\sfml\tmp\release\thread.obj
e:\egor\projects\c++\gameengine\lifeengine\lifeengine\utils\sfml\tmp\release\threadimpl.obj
e:\egor\projects\c++\gameengine\lifeengine\lifeengine\utils\sfml\tmp\release\threadlocal.obj
e:\egor\projects\c++\gameengine\lifeengine\lifeengine\utils\sfml\tmp\release\threadlocalimpl.obj
e:\egor\projects\c++\gameengine\lifeengine\lifeengine\utils\sfml\tmp\release\time.obj
e:\egor\projects\c++\gameengine\lifeengine\lifeengine\utils\sfml\src\sfml\window\..\..\..\bin\sfml-window-2.dll
e:\egor\projects\c++\gameengine\lifeengine\lifeengine\utils\sfml\tmp\release\sfml-window.tlog\cl.command.1.tlog
e:\egor\projects\c++\gameengine\lifeengine\lifeengine\utils\sfml\tmp\release\sfml-window.tlog\cl.read.1.tlog
e:\egor\projects\c++\gameengine\lifeengine\lifeengine\utils\sfml\tmp\release\sfml-window.tlog\cl.write.1.tlog
e:\egor\projects\c++\gameengine\lifeengine\lifeengine\utils\sfml\tmp\release\sfml-window.tlog\link.command.1.tlog
e:\egor\projects\c++\gameengine\lifeengine\lifeengine\utils\sfml\tmp\release\sfml-window.tlog\link.read.1.tlog
e:\egor\projects\c++\gameengine\lifeengine\lifeengine\utils\sfml\tmp\release\sfml-window.tlog\link.write.1.tlog
e:\egor\projects\c++\gameengine\lifeengine\lifeengine\utils\sfml\tmp\release\sfml-window.tlog\sfml-window.write.1u.tlog
