e:\egor\projects\c++\gameengine\lifeengine\lifeengine\utils\sfml\tmp\release\glloader.obj
e:\egor\projects\c++\gameengine\lifeengine\lifeengine\utils\sfml\tmp\release\vertex.obj
e:\egor\projects\c++\gameengine\lifeengine\lifeengine\utils\sfml\tmp\release\view.obj
e:\egor\projects\c++\gameengine\lifeengine\lifeengine\utils\sfml\tmp\release\transformable.obj
e:\egor\projects\c++\gameengine\lifeengine\lifeengine\utils\sfml\tmp\release\transform.obj
e:\egor\projects\c++\gameengine\lifeengine\lifeengine\utils\sfml\tmp\release\texturesaver.obj
e:\egor\projects\c++\gameengine\lifeengine\lifeengine\utils\sfml\tmp\release\texture.obj
e:\egor\projects\c++\gameengine\lifeengine\lifeengine\utils\sfml\tmp\release\shader.obj
e:\egor\projects\c++\gameengine\lifeengine\lifeengine\utils\sfml\tmp\release\renderwindow.obj
e:\egor\projects\c++\gameengine\lifeengine\lifeengine\utils\sfml\tmp\release\rendertarget.obj
e:\egor\projects\c++\gameengine\lifeengine\lifeengine\utils\sfml\tmp\release\rendertexture.obj
e:\egor\projects\c++\gameengine\lifeengine\lifeengine\utils\sfml\tmp\release\renderstates.obj
e:\egor\projects\c++\gameengine\lifeengine\lifeengine\utils\sfml\tmp\release\imageloader.obj
e:\egor\projects\c++\gameengine\lifeengine\lifeengine\utils\sfml\tmp\release\image.obj
e:\egor\projects\c++\gameengine\lifeengine\lifeengine\utils\sfml\tmp\release\glextensions.obj
e:\egor\projects\c++\gameengine\lifeengine\lifeengine\utils\sfml\tmp\release\glcheck.obj
e:\egor\projects\c++\gameengine\lifeengine\lifeengine\utils\sfml\tmp\release\glsl.obj
e:\egor\projects\c++\gameengine\lifeengine\lifeengine\utils\sfml\tmp\release\font.obj
e:\egor\projects\c++\gameengine\lifeengine\lifeengine\utils\sfml\tmp\release\color.obj
e:\egor\projects\c++\gameengine\lifeengine\lifeengine\utils\sfml\tmp\release\blendmode.obj
e:\egor\projects\c++\gameengine\lifeengine\lifeengine\utils\sfml\tmp\release\rendertextureimpldefault.obj
e:\egor\projects\c++\gameengine\lifeengine\lifeengine\utils\sfml\tmp\release\rendertextureimplfbo.obj
e:\egor\projects\c++\gameengine\lifeengine\lifeengine\utils\sfml\tmp\release\rendertextureimpl.obj
e:\egor\projects\c++\gameengine\lifeengine\lifeengine\utils\sfml\tmp\release\vertexarray.obj
e:\egor\projects\c++\gameengine\lifeengine\lifeengine\utils\sfml\tmp\release\text.obj
e:\egor\projects\c++\gameengine\lifeengine\lifeengine\utils\sfml\tmp\release\sprite.obj
e:\egor\projects\c++\gameengine\lifeengine\lifeengine\utils\sfml\tmp\release\convexshape.obj
e:\egor\projects\c++\gameengine\lifeengine\lifeengine\utils\sfml\tmp\release\rectangleshape.obj
e:\egor\projects\c++\gameengine\lifeengine\lifeengine\utils\sfml\tmp\release\circleshape.obj
e:\egor\projects\c++\gameengine\lifeengine\lifeengine\utils\sfml\tmp\release\shape.obj
e:\egor\projects\c++\gameengine\lifeengine\lifeengine\utils\sfml\bin\sfml-graphics-2.dll
e:\egor\projects\c++\gameengine\lifeengine\lifeengine\utils\sfml\lib\sfml-graphics.lib
e:\egor\projects\c++\gameengine\lifeengine\lifeengine\utils\sfml\lib\sfml-graphics.exp
e:\egor\projects\c++\gameengine\lifeengine\lifeengine\utils\sfml\tmp\release\alcheck.obj
e:\egor\projects\c++\gameengine\lifeengine\lifeengine\utils\sfml\tmp\release\alresource.obj
e:\egor\projects\c++\gameengine\lifeengine\lifeengine\utils\sfml\tmp\release\audiodevice.obj
e:\egor\projects\c++\gameengine\lifeengine\lifeengine\utils\sfml\tmp\release\context.obj
e:\egor\projects\c++\gameengine\lifeengine\lifeengine\utils\sfml\tmp\release\glcontext.obj
e:\egor\projects\c++\gameengine\lifeengine\lifeengine\utils\sfml\tmp\release\glresource.obj
e:\egor\projects\c++\gameengine\lifeengine\lifeengine\utils\sfml\tmp\release\inputimpl.obj
e:\egor\projects\c++\gameengine\lifeengine\lifeengine\utils\sfml\tmp\release\inputsoundfile.obj
e:\egor\projects\c++\gameengine\lifeengine\lifeengine\utils\sfml\tmp\release\joystick.obj
e:\egor\projects\c++\gameengine\lifeengine\lifeengine\utils\sfml\tmp\release\joystickimpl.obj
e:\egor\projects\c++\gameengine\lifeengine\lifeengine\utils\sfml\tmp\release\joystickmanager.obj
e:\egor\projects\c++\gameengine\lifeengine\lifeengine\utils\sfml\tmp\release\keyboard.obj
e:\egor\projects\c++\gameengine\lifeengine\lifeengine\utils\sfml\tmp\release\listener.obj
e:\egor\projects\c++\gameengine\lifeengine\lifeengine\utils\sfml\tmp\release\mouse.obj
e:\egor\projects\c++\gameengine\lifeengine\lifeengine\utils\sfml\tmp\release\music.obj
e:\egor\projects\c++\gameengine\lifeengine\lifeengine\utils\sfml\tmp\release\outputsoundfile.obj
e:\egor\projects\c++\gameengine\lifeengine\lifeengine\utils\sfml\tmp\release\sensor.obj
e:\egor\projects\c++\gameengine\lifeengine\lifeengine\utils\sfml\tmp\release\sensorimpl.obj
e:\egor\projects\c++\gameengine\lifeengine\lifeengine\utils\sfml\tmp\release\sensormanager.obj
e:\egor\projects\c++\gameengine\lifeengine\lifeengine\utils\sfml\tmp\release\sound.obj
e:\egor\projects\c++\gameengine\lifeengine\lifeengine\utils\sfml\tmp\release\soundbuffer.obj
e:\egor\projects\c++\gameengine\lifeengine\lifeengine\utils\sfml\tmp\release\soundbufferrecorder.obj
e:\egor\projects\c++\gameengine\lifeengine\lifeengine\utils\sfml\tmp\release\soundfilefactory.obj
e:\egor\projects\c++\gameengine\lifeengine\lifeengine\utils\sfml\tmp\release\soundfilereaderflac.obj
e:\egor\projects\c++\gameengine\lifeengine\lifeengine\utils\sfml\tmp\release\soundfilereaderogg.obj
e:\egor\projects\c++\gameengine\lifeengine\lifeengine\utils\sfml\tmp\release\soundfilereaderwav.obj
e:\egor\projects\c++\gameengine\lifeengine\lifeengine\utils\sfml\tmp\release\soundfilewriterflac.obj
e:\egor\projects\c++\gameengine\lifeengine\lifeengine\utils\sfml\tmp\release\soundfilewriterogg.obj
e:\egor\projects\c++\gameengine\lifeengine\lifeengine\utils\sfml\tmp\release\soundfilewriterwav.obj
e:\egor\projects\c++\gameengine\lifeengine\lifeengine\utils\sfml\tmp\release\soundrecorder.obj
e:\egor\projects\c++\gameengine\lifeengine\lifeengine\utils\sfml\tmp\release\soundsource.obj
e:\egor\projects\c++\gameengine\lifeengine\lifeengine\utils\sfml\tmp\release\soundstream.obj
e:\egor\projects\c++\gameengine\lifeengine\lifeengine\utils\sfml\tmp\release\touch.obj
e:\egor\projects\c++\gameengine\lifeengine\lifeengine\utils\sfml\tmp\release\videomode.obj
e:\egor\projects\c++\gameengine\lifeengine\lifeengine\utils\sfml\tmp\release\videomodeimpl.obj
e:\egor\projects\c++\gameengine\lifeengine\lifeengine\utils\sfml\tmp\release\wglcontext.obj
e:\egor\projects\c++\gameengine\lifeengine\lifeengine\utils\sfml\tmp\release\wglextensions.obj
e:\egor\projects\c++\gameengine\lifeengine\lifeengine\utils\sfml\tmp\release\window.obj
e:\egor\projects\c++\gameengine\lifeengine\lifeengine\utils\sfml\tmp\release\windowimpl.obj
e:\egor\projects\c++\gameengine\lifeengine\lifeengine\utils\sfml\tmp\release\windowimplwin32.obj
e:\egor\projects\c++\gameengine\lifeengine\lifeengine\utils\sfml\src\sfml\graphics\..\..\..\bin\sfml-graphics-2.dll
e:\egor\projects\c++\gameengine\lifeengine\lifeengine\utils\sfml\tmp\release\sfml-graphics.tlog\cl.command.1.tlog
e:\egor\projects\c++\gameengine\lifeengine\lifeengine\utils\sfml\tmp\release\sfml-graphics.tlog\cl.read.1.tlog
e:\egor\projects\c++\gameengine\lifeengine\lifeengine\utils\sfml\tmp\release\sfml-graphics.tlog\cl.write.1.tlog
e:\egor\projects\c++\gameengine\lifeengine\lifeengine\utils\sfml\tmp\release\sfml-graphics.tlog\link.command.1.tlog
e:\egor\projects\c++\gameengine\lifeengine\lifeengine\utils\sfml\tmp\release\sfml-graphics.tlog\link.read.1.tlog
e:\egor\projects\c++\gameengine\lifeengine\lifeengine\utils\sfml\tmp\release\sfml-graphics.tlog\link.write.1.tlog
e:\egor\projects\c++\gameengine\lifeengine\lifeengine\utils\sfml\tmp\release\sfml-graphics.tlog\sfml-graphics.write.1u.tlog
