C:\Program Files (x86)\MSBuild\Microsoft.Cpp\v4.0\V140\Microsoft.CppBuild.targets(367,5): warning MSB8004: Intermediate Directory does not end with a trailing slash.  This build instance will add the slash as it is required to allow proper evaluation of the Intermediate Directory.
C:\Program Files (x86)\MSBuild\Microsoft.Cpp\v4.0\V140\Microsoft.CppBuild.targets(368,5): warning MSB8004: Output Directory does not end with a trailing slash.  This build instance will add the slash as it is required to allow proper evaluation of the Output Directory.
C:\Program Files (x86)\MSBuild\Microsoft.Cpp\v4.0\V140\Microsoft.CppBuild.targets(392,5): warning MSB8028: The intermediate directory (..\..\..\tmp\Release\) contains files shared from another project (sfml-audio.vcxproj, sfml-graphics.vcxproj, sfml-main.vcxproj, sfml-system.vcxproj).  This can lead to incorrect clean and rebuild behavior.
  Context.cpp
  GlContext.cpp
  GlResource.cpp
  Joystick.cpp
  JoystickManager.cpp
  Keyboard.cpp
  Mouse.cpp
  Sensor.cpp
  SensorManager.cpp
  Touch.cpp
  VideoMode.cpp
  InputImpl.cpp
  JoystickImpl.cpp
  SensorImpl.cpp
  VideoModeImpl.cpp
  WglContext.cpp
  WglExtensions.cpp
  WindowImplWin32.cpp
..\..\..\\src\SFML\Window\Win32\WindowImplWin32.cpp(164): warning C4800: sf::Uint32: принудительно задано логическое значение "true" или "false" (предупреждение о производительности)
  Window.cpp
  WindowImpl.cpp
  Создание кода...
     Создается библиотека ..\..\..\lib\sfml-window.lib и объект ..\..\..\lib\sfml-window.exp
  sfml-window.vcxproj -> D:\Projects\C++\GameEngine\LightmapMaker\LightmapMaker\Utils\SFML\src\SFML\Window\..\..\..\bin\sfml-window-2.dll
