e:\egor\projects\c++\gameengine\lifeengine\lifeengine\utils\opengl\glm\lib\glm.bsc
e:\egor\projects\c++\gameengine\lightmapmaker\lightmapmaker\utils\opengl\glm\lib\glm.bsc
e:\egor\projects\c++\gameengine\lifeengine\lifeengine\utils\opengl\glm\tmp\release\dummy.sbr
e:\egor\projects\c++\gameengine\lifeengine\lifeengine\utils\opengl\glm\tmp\release\glm.sbr
e:\egor\projects\c++\gameengine\lifeengine\lifeengine\utils\opengl\glm\tmp\release\glm.obj
e:\egor\projects\c++\gameengine\lifeengine\lifeengine\utils\opengl\glm\glm\release\glm.asm
e:\egor\projects\c++\gameengine\lifeengine\lifeengine\utils\opengl\glm\tmp\release\dummy.obj
e:\egor\projects\c++\gameengine\lifeengine\lifeengine\utils\opengl\glm\glm\release\dummy.asm
e:\egor\projects\c++\gameengine\lightmapmaker\lightmapmaker\utils\opengl\glm\tmp\release\dummy.sbr
e:\egor\projects\c++\gameengine\lightmapmaker\lightmapmaker\utils\opengl\glm\tmp\release\glm.sbr
e:\egor\projects\c++\gameengine\lightmapmaker\lightmapmaker\utils\opengl\glm\tmp\release\glm.obj
e:\egor\projects\c++\gameengine\lightmapmaker\lightmapmaker\utils\opengl\glm\glm\release\glm.asm
e:\egor\projects\c++\gameengine\lightmapmaker\lightmapmaker\utils\opengl\glm\tmp\release\dummy.obj
e:\egor\projects\c++\gameengine\lightmapmaker\lightmapmaker\utils\opengl\glm\glm\release\dummy.asm
e:\egor\projects\c++\gameengine\lifeengine\lifeengine\utils\opengl\glm\lib\glm.lib
e:\egor\projects\c++\gameengine\lightmapmaker\lightmapmaker\utils\opengl\glm\lib\glm.lib
e:\egor\projects\c++\gameengine\lightmapmaker\lightmapmaker\utils\opengl\glm\glm\..\lib\glm.lib
e:\egor\projects\c++\gameengine\lightmapmaker\lightmapmaker\utils\opengl\glm\tmp\release\glm.tlog\bscmake.command.1.tlog
e:\egor\projects\c++\gameengine\lightmapmaker\lightmapmaker\utils\opengl\glm\tmp\release\glm.tlog\bscmake.read.1.tlog
e:\egor\projects\c++\gameengine\lightmapmaker\lightmapmaker\utils\opengl\glm\tmp\release\glm.tlog\bscmake.write.1.tlog
e:\egor\projects\c++\gameengine\lightmapmaker\lightmapmaker\utils\opengl\glm\tmp\release\glm.tlog\cl.command.1.tlog
e:\egor\projects\c++\gameengine\lightmapmaker\lightmapmaker\utils\opengl\glm\tmp\release\glm.tlog\cl.read.1.tlog
e:\egor\projects\c++\gameengine\lightmapmaker\lightmapmaker\utils\opengl\glm\tmp\release\glm.tlog\cl.write.1.tlog
e:\egor\projects\c++\gameengine\lightmapmaker\lightmapmaker\utils\opengl\glm\tmp\release\glm.tlog\lib-link.read.1.tlog
e:\egor\projects\c++\gameengine\lightmapmaker\lightmapmaker\utils\opengl\glm\tmp\release\glm.tlog\lib-link.write.1.tlog
e:\egor\projects\c++\gameengine\lightmapmaker\lightmapmaker\utils\opengl\glm\tmp\release\glm.tlog\lib.command.1.tlog
