e:\egor\projects\c++\gameengine\lifeengine\lifeengine\utils\xml\lib\xml.bsc
e:\egor\projects\c++\gameengine\lifeengine\lifeengine\utils\xml\tmp\release\xml.pdb
e:\egor\projects\c++\gameengine\lifeengine\lifeengine\utils\xml\tmp\release\tinystr.sbr
e:\egor\projects\c++\gameengine\lifeengine\lifeengine\utils\xml\tmp\release\tinyxml.sbr
e:\egor\projects\c++\gameengine\lifeengine\lifeengine\utils\xml\tmp\release\tinyxmlerror.sbr
e:\egor\projects\c++\gameengine\lifeengine\lifeengine\utils\xml\tmp\release\tinyxmlparser.sbr
e:\egor\projects\c++\gameengine\lifeengine\lifeengine\utils\xml\tmp\release\tinyxmlparser.obj
e:\egor\projects\c++\gameengine\lifeengine\lifeengine\utils\xml\tmp\release\tinyxmlerror.obj
e:\egor\projects\c++\gameengine\lifeengine\lifeengine\utils\xml\tmp\release\tinyxml.obj
e:\egor\projects\c++\gameengine\lifeengine\lifeengine\utils\xml\tmp\release\tinystr.obj
e:\egor\projects\c++\gameengine\lifeengine\lifeengine\utils\xml\lib\xml.lib
e:\egor\projects\c++\gameengine\lifeengine\lifeengine\utils\xml\.\lib\xml.lib
e:\egor\projects\c++\gameengine\lifeengine\lifeengine\utils\xml\tmp\release\xml.tlog\bscmake.command.1.tlog
e:\egor\projects\c++\gameengine\lifeengine\lifeengine\utils\xml\tmp\release\xml.tlog\bscmake.read.1.tlog
e:\egor\projects\c++\gameengine\lifeengine\lifeengine\utils\xml\tmp\release\xml.tlog\bscmake.write.1.tlog
e:\egor\projects\c++\gameengine\lifeengine\lifeengine\utils\xml\tmp\release\xml.tlog\cl.command.1.tlog
e:\egor\projects\c++\gameengine\lifeengine\lifeengine\utils\xml\tmp\release\xml.tlog\cl.read.1.tlog
e:\egor\projects\c++\gameengine\lifeengine\lifeengine\utils\xml\tmp\release\xml.tlog\cl.write.1.tlog
e:\egor\projects\c++\gameengine\lifeengine\lifeengine\utils\xml\tmp\release\xml.tlog\lib-link.read.1.tlog
e:\egor\projects\c++\gameengine\lifeengine\lifeengine\utils\xml\tmp\release\xml.tlog\lib-link.write.1.tlog
e:\egor\projects\c++\gameengine\lifeengine\lifeengine\utils\xml\tmp\release\xml.tlog\lib.command.1.tlog
